<?xml version="1.0" encoding="UTF-8"?>
<coverage generated="1584750595544" clover="3.2.0">
  <project timestamp="1584750595544" name="All files">
    <metrics statements="70" coveredstatements="69" conditionals="32" coveredconditionals="30" methods="19" coveredmethods="15" elements="121" coveredelements="114" complexity="0" loc="70" ncloc="70" packages="1" files="3" classes="3"/>
    <file name="App.jsx" path="/Users/eric/Desktop/hrsf126-turntable/service/client/App.jsx">
      <metrics statements="11" coveredstatements="10" conditionals="0" coveredconditionals="0" methods="8" coveredmethods="6"/>
      <line num="10" count="7" type="stmt"/>
      <line num="11" count="7" type="stmt"/>
      <line num="20" count="7" type="stmt"/>
      <line num="21" count="7" type="stmt"/>
      <line num="26" count="8" type="stmt"/>
      <line num="31" count="9" type="stmt"/>
      <line num="33" count="0" type="stmt"/>
      <line num="40" count="1" type="stmt"/>
      <line num="43" count="1" type="stmt"/>
      <line num="47" count="14" type="stmt"/>
      <line num="48" count="14" type="stmt"/>
    </file>
    <file name="Gallery.jsx" path="/Users/eric/Desktop/hrsf126-turntable/service/client/Gallery.jsx">
      <metrics statements="9" coveredstatements="9" conditionals="2" coveredconditionals="2" methods="2" coveredmethods="1"/>
      <line num="5" count="2" type="stmt"/>
      <line num="14" count="2" type="stmt"/>
      <line num="21" count="2" type="stmt"/>
      <line num="28" count="2" type="stmt"/>
      <line num="34" count="2" type="stmt"/>
      <line num="40" count="2" type="stmt"/>
      <line num="41" count="12" type="cond" truecount="2" falsecount="0"/>
      <line num="134" count="2" type="stmt"/>
      <line num="149" count="2" type="stmt"/>
    </file>
    <file name="Viewer.jsx" path="/Users/eric/Desktop/hrsf126-turntable/service/client/Viewer.jsx">
      <metrics statements="50" coveredstatements="50" conditionals="30" coveredconditionals="28" methods="9" coveredmethods="8"/>
      <line num="5" count="2" type="stmt"/>
      <line num="16" count="2" type="stmt"/>
      <line num="29" count="2" type="stmt"/>
      <line num="39" count="2" type="stmt"/>
      <line num="46" count="2" type="stmt"/>
      <line num="58" count="2" type="stmt"/>
      <line num="66" count="2" type="stmt"/>
      <line num="74" count="2" type="stmt"/>
      <line num="81" count="2" type="stmt"/>
      <line num="88" count="2" type="stmt"/>
      <line num="96" count="2" type="stmt"/>
      <line num="104" count="2" type="stmt"/>
      <line num="105" count="19" type="stmt"/>
      <line num="106" count="19" type="stmt"/>
      <line num="120" count="19" type="stmt"/>
      <line num="121" count="19" type="stmt"/>
      <line num="122" count="19" type="stmt"/>
      <line num="124" count="19" type="stmt"/>
      <line num="129" count="14" type="stmt"/>
      <line num="130" count="14" type="stmt"/>
      <line num="135" count="14" type="stmt"/>
      <line num="139" count="14" type="stmt"/>
      <line num="144" count="1" type="stmt"/>
      <line num="153" count="4" type="stmt"/>
      <line num="154" count="4" type="cond" truecount="2" falsecount="0"/>
      <line num="155" count="1" type="stmt"/>
      <line num="156" count="3" type="cond" truecount="2" falsecount="0"/>
      <line num="157" count="1" type="stmt"/>
      <line num="158" count="2" type="cond" truecount="2" falsecount="0"/>
      <line num="159" count="1" type="stmt"/>
      <line num="160" count="1" type="cond" truecount="1" falsecount="1"/>
      <line num="161" count="1" type="stmt"/>
      <line num="167" count="4" type="stmt"/>
      <line num="168" count="4" type="cond" truecount="4" falsecount="0"/>
      <line num="169" count="1" type="stmt"/>
      <line num="170" count="3" type="cond" truecount="4" falsecount="0"/>
      <line num="171" count="1" type="stmt"/>
      <line num="177" count="4" type="cond" truecount="2" falsecount="0"/>
      <line num="178" count="3" type="cond" truecount="2" falsecount="0"/>
      <line num="179" count="1" type="stmt"/>
      <line num="180" count="2" type="cond" truecount="2" falsecount="0"/>
      <line num="181" count="1" type="stmt"/>
      <line num="182" count="1" type="cond" truecount="1" falsecount="1"/>
      <line num="183" count="1" type="stmt"/>
      <line num="189" count="40" type="stmt"/>
      <line num="190" count="40" type="cond" truecount="2" falsecount="0"/>
      <line num="191" count="19" type="stmt"/>
      <line num="268" count="21" type="stmt"/>
      <line num="272" count="2" type="stmt"/>
      <line num="289" count="2" type="stmt"/>
    </file>
  </project>
</coverage>
