<?xml version="1.0" encoding="UTF-8"?>
<coverage generated="1584856028768" clover="3.2.0">
  <project timestamp="1584856028769" name="All files">
    <metrics statements="76" coveredstatements="71" conditionals="38" coveredconditionals="31" methods="18" coveredmethods="15" elements="132" coveredelements="117" complexity="0" loc="76" ncloc="76" packages="1" files="3" classes="3"/>
    <file name="App.jsx" path="/Users/eric/Desktop/hrsf126-turntable/service/client/App.jsx">
      <metrics statements="10" coveredstatements="9" conditionals="0" coveredconditionals="0" methods="8" coveredmethods="6"/>
      <line num="10" count="7" type="stmt"/>
      <line num="11" count="7" type="stmt"/>
      <line num="20" count="7" type="stmt"/>
      <line num="21" count="7" type="stmt"/>
      <line num="26" count="8" type="stmt"/>
      <line num="31" count="9" type="stmt"/>
      <line num="33" count="0" type="stmt"/>
      <line num="40" count="1" type="stmt"/>
      <line num="43" count="1" type="stmt"/>
      <line num="47" count="14" type="stmt"/>
    </file>
    <file name="Gallery.jsx" path="/Users/eric/Desktop/hrsf126-turntable/service/client/Gallery.jsx">
      <metrics statements="11" coveredstatements="11" conditionals="2" coveredconditionals="2" methods="2" coveredmethods="1"/>
      <line num="5" count="2" type="stmt"/>
      <line num="18" count="2" type="stmt"/>
      <line num="25" count="2" type="stmt"/>
      <line num="32" count="2" type="stmt"/>
      <line num="38" count="2" type="stmt"/>
      <line num="51" count="2" type="stmt"/>
      <line num="64" count="2" type="stmt"/>
      <line num="76" count="2" type="stmt"/>
      <line num="77" count="12" type="cond" truecount="2" falsecount="0"/>
      <line num="161" count="2" type="stmt"/>
      <line num="176" count="2" type="stmt"/>
    </file>
    <file name="Viewer.jsx" path="/Users/eric/Desktop/hrsf126-turntable/service/client/Viewer.jsx">
      <metrics statements="55" coveredstatements="51" conditionals="36" coveredconditionals="29" methods="8" coveredmethods="8"/>
      <line num="6" count="14" type="stmt"/>
      <line num="7" count="14" type="stmt"/>
      <line num="13" count="14" type="stmt"/>
      <line num="17" count="14" type="stmt"/>
      <line num="22" count="1" type="stmt"/>
      <line num="31" count="4" type="stmt"/>
      <line num="32" count="4" type="stmt"/>
      <line num="33" count="4" type="cond" truecount="2" falsecount="0"/>
      <line num="34" count="1" type="stmt"/>
      <line num="35" count="3" type="cond" truecount="2" falsecount="0"/>
      <line num="36" count="1" type="stmt"/>
      <line num="37" count="2" type="cond" truecount="2" falsecount="0"/>
      <line num="38" count="1" type="stmt"/>
      <line num="39" count="1" type="cond" truecount="1" falsecount="1"/>
      <line num="40" count="1" type="stmt"/>
      <line num="41" count="0" type="cond" truecount="0" falsecount="2"/>
      <line num="42" count="0" type="stmt"/>
      <line num="43" count="0" type="cond" truecount="0" falsecount="2"/>
      <line num="44" count="0" type="stmt"/>
      <line num="50" count="4" type="stmt"/>
      <line num="51" count="4" type="cond" truecount="4" falsecount="0"/>
      <line num="52" count="1" type="stmt"/>
      <line num="53" count="3" type="cond" truecount="4" falsecount="0"/>
      <line num="54" count="1" type="stmt"/>
      <line num="60" count="4" type="cond" truecount="2" falsecount="0"/>
      <line num="61" count="3" type="cond" truecount="2" falsecount="0"/>
      <line num="62" count="1" type="stmt"/>
      <line num="63" count="2" type="cond" truecount="2" falsecount="0"/>
      <line num="64" count="1" type="stmt"/>
      <line num="65" count="1" type="cond" truecount="1" falsecount="1"/>
      <line num="66" count="1" type="stmt"/>
      <line num="72" count="40" type="stmt"/>
      <line num="74" count="40" type="stmt"/>
      <line num="85" count="40" type="stmt"/>
      <line num="98" count="40" type="stmt"/>
      <line num="109" count="40" type="stmt"/>
      <line num="116" count="40" type="stmt"/>
      <line num="129" count="40" type="stmt"/>
      <line num="135" count="40" type="stmt"/>
      <line num="147" count="40" type="stmt"/>
      <line num="155" count="40" type="stmt"/>
      <line num="171" count="40" type="stmt"/>
      <line num="178" count="40" type="stmt"/>
      <line num="186" count="40" type="stmt"/>
      <line num="193" count="40" type="stmt"/>
      <line num="202" count="40" type="stmt"/>
      <line num="203" count="19" type="stmt"/>
      <line num="204" count="19" type="stmt"/>
      <line num="218" count="19" type="stmt"/>
      <line num="219" count="19" type="stmt"/>
      <line num="220" count="19" type="stmt"/>
      <line num="222" count="19" type="stmt"/>
      <line num="225" count="40" type="cond" truecount="2" falsecount="0"/>
      <line num="226" count="19" type="stmt"/>
      <line num="328" count="21" type="stmt"/>
    </file>
  </project>
</coverage>
