{"/Users/eric/Desktop/hrsf126-turntable/service/client/App.jsx": {"path":"/Users/eric/Desktop/hrsf126-turntable/service/client/App.jsx","statementMap":{"0":{"start":{"line":10,"column":4},"end":{"line":10,"column":17}},"1":{"start":{"line":11,"column":4},"end":{"line":19,"column":6}},"2":{"start":{"line":20,"column":4},"end":{"line":20,"column":39}},"3":{"start":{"line":21,"column":4},"end":{"line":21,"column":53}},"4":{"start":{"line":26,"column":4},"end":{"line":26,"column":51}},"5":{"start":{"line":31,"column":4},"end":{"line":35,"column":23}},"6":{"start":{"line":33,"column":8},"end":{"line":33,"column":48}},"7":{"start":{"line":40,"column":4},"end":{"line":43,"column":61}},"8":{"start":{"line":43,"column":13},"end":{"line":43,"column":59}},"9":{"start":{"line":47,"column":4},"end":{"line":55,"column":6}}},"fnMap":{"0":{"name":"(anonymous_0)","decl":{"start":{"line":9,"column":2},"end":{"line":9,"column":3}},"loc":{"start":{"line":9,"column":21},"end":{"line":22,"column":3}},"line":9},"1":{"name":"(anonymous_1)","decl":{"start":{"line":25,"column":2},"end":{"line":25,"column":3}},"loc":{"start":{"line":25,"column":22},"end":{"line":27,"column":3}},"line":25},"2":{"name":"(anonymous_2)","decl":{"start":{"line":30,"column":2},"end":{"line":30,"column":3}},"loc":{"start":{"line":30,"column":15},"end":{"line":36,"column":3}},"line":30},"3":{"name":"(anonymous_3)","decl":{"start":{"line":32,"column":12},"end":{"line":32,"column":13}},"loc":{"start":{"line":32,"column":26},"end":{"line":34,"column":7}},"line":32},"4":{"name":"(anonymous_4)","decl":{"start":{"line":35,"column":13},"end":{"line":35,"column":14}},"loc":{"start":{"line":35,"column":19},"end":{"line":35,"column":21}},"line":35},"5":{"name":"(anonymous_5)","decl":{"start":{"line":39,"column":2},"end":{"line":39,"column":3}},"loc":{"start":{"line":39,"column":22},"end":{"line":44,"column":3}},"line":39},"6":{"name":"(anonymous_6)","decl":{"start":{"line":43,"column":7},"end":{"line":43,"column":8}},"loc":{"start":{"line":43,"column":13},"end":{"line":43,"column":59}},"line":43},"7":{"name":"(anonymous_7)","decl":{"start":{"line":46,"column":2},"end":{"line":46,"column":3}},"loc":{"start":{"line":46,"column":11},"end":{"line":56,"column":3}},"line":46}},"branchMap":{},"s":{"0":7,"1":7,"2":7,"3":7,"4":8,"5":9,"6":0,"7":1,"8":1,"9":14},"f":{"0":7,"1":8,"2":9,"3":0,"4":0,"5":1,"6":1,"7":14},"b":{},"_coverageSchema":"1a1c01bbd47fc00a2c39e90264f33305004495a9","hash":"a0a22a2c3aaeaf71ecaa48ce0be9e1d439f3ba57"}
,"/Users/eric/Desktop/hrsf126-turntable/service/client/Gallery.jsx": {"path":"/Users/eric/Desktop/hrsf126-turntable/service/client/Gallery.jsx","statementMap":{"0":{"start":{"line":5,"column":16},"end":{"line":16,"column":1}},"1":{"start":{"line":18,"column":20},"end":{"line":23,"column":1}},"2":{"start":{"line":25,"column":21},"end":{"line":30,"column":1}},"3":{"start":{"line":32,"column":20},"end":{"line":36,"column":1}},"4":{"start":{"line":38,"column":21},"end":{"line":49,"column":1}},"5":{"start":{"line":51,"column":22},"end":{"line":62,"column":1}},"6":{"start":{"line":64,"column":21},"end":{"line":74,"column":1}},"7":{"start":{"line":76,"column":16},"end":{"line":159,"column":1}},"8":{"start":{"line":77,"column":2},"end":{"line":158,"column":12}},"9":{"start":{"line":161,"column":0},"end":{"line":174,"column":2}},"10":{"start":{"line":176,"column":0},"end":{"line":179,"column":2}}},"fnMap":{"0":{"name":"(anonymous_0)","decl":{"start":{"line":76,"column":16},"end":{"line":76,"column":17}},"loc":{"start":{"line":77,"column":2},"end":{"line":158,"column":12}},"line":77},"1":{"name":"(anonymous_1)","decl":{"start":{"line":178,"column":16},"end":{"line":178,"column":17}},"loc":{"start":{"line":178,"column":22},"end":{"line":178,"column":24}},"line":178}},"branchMap":{"0":{"loc":{"start":{"line":77,"column":2},"end":{"line":158,"column":12}},"type":"cond-expr","locations":[{"start":{"line":78,"column":4},"end":{"line":157,"column":10}},{"start":{"line":158,"column":7},"end":{"line":158,"column":11}}],"line":77}},"s":{"0":2,"1":2,"2":2,"3":2,"4":2,"5":2,"6":2,"7":2,"8":12,"9":2,"10":2},"f":{"0":12,"1":0},"b":{"0":[10,2]},"_coverageSchema":"1a1c01bbd47fc00a2c39e90264f33305004495a9","hash":"26b1007698b4bbb191096155c63f7e1aff4bd0b9"}
,"/Users/eric/Desktop/hrsf126-turntable/service/client/Viewer.jsx": {"path":"/Users/eric/Desktop/hrsf126-turntable/service/client/Viewer.jsx","statementMap":{"0":{"start":{"line":6,"column":4},"end":{"line":6,"column":17}},"1":{"start":{"line":7,"column":4},"end":{"line":11,"column":6}},"2":{"start":{"line":12,"column":4},"end":{"line":12,"column":55}},"3":{"start":{"line":16,"column":4},"end":{"line":16,"column":74}},"4":{"start":{"line":21,"column":4},"end":{"line":25,"column":7}},"5":{"start":{"line":30,"column":20},"end":{"line":30,"column":35}},"6":{"start":{"line":31,"column":4},"end":{"line":31,"column":33}},"7":{"start":{"line":32,"column":4},"end":{"line":40,"column":5}},"8":{"start":{"line":33,"column":6},"end":{"line":33,"column":34}},"9":{"start":{"line":34,"column":11},"end":{"line":40,"column":5}},"10":{"start":{"line":35,"column":6},"end":{"line":35,"column":35}},"11":{"start":{"line":36,"column":11},"end":{"line":40,"column":5}},"12":{"start":{"line":37,"column":6},"end":{"line":37,"column":43}},"13":{"start":{"line":38,"column":11},"end":{"line":40,"column":5}},"14":{"start":{"line":39,"column":6},"end":{"line":39,"column":43}},"15":{"start":{"line":45,"column":36},"end":{"line":45,"column":46}},"16":{"start":{"line":46,"column":4},"end":{"line":50,"column":5}},"17":{"start":{"line":47,"column":6},"end":{"line":47,"column":56}},"18":{"start":{"line":48,"column":11},"end":{"line":50,"column":5}},"19":{"start":{"line":49,"column":6},"end":{"line":49,"column":56}},"20":{"start":{"line":55,"column":4},"end":{"line":63,"column":5}},"21":{"start":{"line":56,"column":6},"end":{"line":62,"column":7}},"22":{"start":{"line":57,"column":8},"end":{"line":57,"column":36}},"23":{"start":{"line":58,"column":13},"end":{"line":62,"column":7}},"24":{"start":{"line":59,"column":8},"end":{"line":59,"column":37}},"25":{"start":{"line":60,"column":13},"end":{"line":62,"column":7}},"26":{"start":{"line":61,"column":8},"end":{"line":61,"column":45}},"27":{"start":{"line":67,"column":48},"end":{"line":67,"column":58}},"28":{"start":{"line":69,"column":29},"end":{"line":78,"column":3}},"29":{"start":{"line":80,"column":24},"end":{"line":90,"column":3}},"30":{"start":{"line":93,"column":21},"end":{"line":103,"column":3}},"31":{"start":{"line":106,"column":20},"end":{"line":110,"column":3}},"32":{"start":{"line":112,"column":18},"end":{"line":122,"column":3}},"33":{"start":{"line":124,"column":26},"end":{"line":130,"column":3}},"34":{"start":{"line":132,"column":18},"end":{"line":145,"column":3}},"35":{"start":{"line":148,"column":20},"end":{"line":153,"column":3}},"36":{"start":{"line":155,"column":19},"end":{"line":160,"column":3}},"37":{"start":{"line":163,"column":22},"end":{"line":168,"column":3}},"38":{"start":{"line":170,"column":17},"end":{"line":177,"column":3}},"39":{"start":{"line":179,"column":25},"end":{"line":200,"column":5}},"40":{"start":{"line":180,"column":19},"end":{"line":180,"column":53}},"41":{"start":{"line":181,"column":21},"end":{"line":194,"column":7}},"42":{"start":{"line":195,"column":18},"end":{"line":195,"column":25}},"43":{"start":{"line":196,"column":20},"end":{"line":196,"column":35}},"44":{"start":{"line":197,"column":19},"end":{"line":197,"column":26}},"45":{"start":{"line":199,"column":6},"end":{"line":199,"column":40}},"46":{"start":{"line":202,"column":4},"end":{"line":294,"column":5}},"47":{"start":{"line":203,"column":6},"end":{"line":293,"column":8}},"48":{"start":{"line":295,"column":4},"end":{"line":295,"column":16}}},"fnMap":{"0":{"name":"(anonymous_0)","decl":{"start":{"line":5,"column":2},"end":{"line":5,"column":3}},"loc":{"start":{"line":5,"column":21},"end":{"line":13,"column":3}},"line":5},"1":{"name":"(anonymous_1)","decl":{"start":{"line":15,"column":2},"end":{"line":15,"column":3}},"loc":{"start":{"line":15,"column":22},"end":{"line":17,"column":3}},"line":15},"2":{"name":"(anonymous_2)","decl":{"start":{"line":20,"column":2},"end":{"line":20,"column":3}},"loc":{"start":{"line":20,"column":24},"end":{"line":26,"column":3}},"line":20},"3":{"name":"(anonymous_3)","decl":{"start":{"line":29,"column":2},"end":{"line":29,"column":3}},"loc":{"start":{"line":29,"column":23},"end":{"line":41,"column":3}},"line":29},"4":{"name":"(anonymous_4)","decl":{"start":{"line":44,"column":2},"end":{"line":44,"column":3}},"loc":{"start":{"line":44,"column":25},"end":{"line":51,"column":3}},"line":44},"5":{"name":"(anonymous_5)","decl":{"start":{"line":54,"column":2},"end":{"line":54,"column":3}},"loc":{"start":{"line":54,"column":25},"end":{"line":64,"column":3}},"line":54},"6":{"name":"(anonymous_6)","decl":{"start":{"line":66,"column":2},"end":{"line":66,"column":3}},"loc":{"start":{"line":66,"column":11},"end":{"line":296,"column":3}},"line":66},"7":{"name":"(anonymous_7)","decl":{"start":{"line":179,"column":25},"end":{"line":179,"column":26}},"loc":{"start":{"line":179,"column":40},"end":{"line":200,"column":5}},"line":179}},"branchMap":{"0":{"loc":{"start":{"line":32,"column":4},"end":{"line":40,"column":5}},"type":"if","locations":[{"start":{"line":32,"column":4},"end":{"line":40,"column":5}},{"start":{"line":32,"column":4},"end":{"line":40,"column":5}}],"line":32},"1":{"loc":{"start":{"line":34,"column":11},"end":{"line":40,"column":5}},"type":"if","locations":[{"start":{"line":34,"column":11},"end":{"line":40,"column":5}},{"start":{"line":34,"column":11},"end":{"line":40,"column":5}}],"line":34},"2":{"loc":{"start":{"line":36,"column":11},"end":{"line":40,"column":5}},"type":"if","locations":[{"start":{"line":36,"column":11},"end":{"line":40,"column":5}},{"start":{"line":36,"column":11},"end":{"line":40,"column":5}}],"line":36},"3":{"loc":{"start":{"line":38,"column":11},"end":{"line":40,"column":5}},"type":"if","locations":[{"start":{"line":38,"column":11},"end":{"line":40,"column":5}},{"start":{"line":38,"column":11},"end":{"line":40,"column":5}}],"line":38},"4":{"loc":{"start":{"line":46,"column":4},"end":{"line":50,"column":5}},"type":"if","locations":[{"start":{"line":46,"column":4},"end":{"line":50,"column":5}},{"start":{"line":46,"column":4},"end":{"line":50,"column":5}}],"line":46},"5":{"loc":{"start":{"line":46,"column":8},"end":{"line":46,"column":45}},"type":"binary-expr","locations":[{"start":{"line":46,"column":8},"end":{"line":46,"column":25}},{"start":{"line":46,"column":29},"end":{"line":46,"column":45}}],"line":46},"6":{"loc":{"start":{"line":48,"column":11},"end":{"line":50,"column":5}},"type":"if","locations":[{"start":{"line":48,"column":11},"end":{"line":50,"column":5}},{"start":{"line":48,"column":11},"end":{"line":50,"column":5}}],"line":48},"7":{"loc":{"start":{"line":48,"column":15},"end":{"line":48,"column":73}},"type":"binary-expr","locations":[{"start":{"line":48,"column":15},"end":{"line":48,"column":33}},{"start":{"line":48,"column":37},"end":{"line":48,"column":73}}],"line":48},"8":{"loc":{"start":{"line":55,"column":4},"end":{"line":63,"column":5}},"type":"if","locations":[{"start":{"line":55,"column":4},"end":{"line":63,"column":5}},{"start":{"line":55,"column":4},"end":{"line":63,"column":5}}],"line":55},"9":{"loc":{"start":{"line":56,"column":6},"end":{"line":62,"column":7}},"type":"if","locations":[{"start":{"line":56,"column":6},"end":{"line":62,"column":7}},{"start":{"line":56,"column":6},"end":{"line":62,"column":7}}],"line":56},"10":{"loc":{"start":{"line":58,"column":13},"end":{"line":62,"column":7}},"type":"if","locations":[{"start":{"line":58,"column":13},"end":{"line":62,"column":7}},{"start":{"line":58,"column":13},"end":{"line":62,"column":7}}],"line":58},"11":{"loc":{"start":{"line":60,"column":13},"end":{"line":62,"column":7}},"type":"if","locations":[{"start":{"line":60,"column":13},"end":{"line":62,"column":7}},{"start":{"line":60,"column":13},"end":{"line":62,"column":7}}],"line":60},"12":{"loc":{"start":{"line":202,"column":4},"end":{"line":294,"column":5}},"type":"if","locations":[{"start":{"line":202,"column":4},"end":{"line":294,"column":5}},{"start":{"line":202,"column":4},"end":{"line":294,"column":5}}],"line":202},"13":{"loc":{"start":{"line":218,"column":13},"end":{"line":232,"column":13}},"type":"cond-expr","locations":[{"start":{"line":219,"column":14},"end":{"line":224,"column":16}},{"start":{"line":226,"column":14},"end":{"line":231,"column":16}}],"line":218},"14":{"loc":{"start":{"line":276,"column":13},"end":{"line":290,"column":13}},"type":"cond-expr","locations":[{"start":{"line":277,"column":14},"end":{"line":282,"column":16}},{"start":{"line":284,"column":14},"end":{"line":289,"column":16}}],"line":276}},"s":{"0":14,"1":14,"2":14,"3":14,"4":1,"5":4,"6":4,"7":4,"8":1,"9":3,"10":1,"11":2,"12":1,"13":1,"14":1,"15":4,"16":4,"17":1,"18":3,"19":1,"20":4,"21":3,"22":1,"23":2,"24":1,"25":1,"26":1,"27":40,"28":40,"29":40,"30":40,"31":40,"32":40,"33":40,"34":40,"35":40,"36":40,"37":40,"38":40,"39":40,"40":19,"41":19,"42":19,"43":19,"44":19,"45":19,"46":40,"47":19,"48":21},"f":{"0":14,"1":14,"2":1,"3":4,"4":4,"5":4,"6":40,"7":19},"b":{"0":[1,3],"1":[1,2],"2":[1,1],"3":[1,0],"4":[1,3],"5":[4,2],"6":[1,2],"7":[3,2],"8":[3,1],"9":[1,2],"10":[1,1],"11":[1,0],"12":[19,21],"13":[4,15],"14":[2,17]},"_coverageSchema":"1a1c01bbd47fc00a2c39e90264f33305004495a9","hash":"0ab4d1a2a5c366ce084a6401e7fae9bf19913660"}
}
