{"/Users/eric/Desktop/hrsf126-turntable/service/client/App.jsx": {"path":"/Users/eric/Desktop/hrsf126-turntable/service/client/App.jsx","statementMap":{"0":{"start":{"line":10,"column":4},"end":{"line":10,"column":17}},"1":{"start":{"line":11,"column":4},"end":{"line":19,"column":6}},"2":{"start":{"line":20,"column":4},"end":{"line":20,"column":39}},"3":{"start":{"line":21,"column":4},"end":{"line":21,"column":53}},"4":{"start":{"line":26,"column":4},"end":{"line":26,"column":51}},"5":{"start":{"line":31,"column":4},"end":{"line":35,"column":23}},"6":{"start":{"line":33,"column":8},"end":{"line":33,"column":48}},"7":{"start":{"line":40,"column":4},"end":{"line":43,"column":61}},"8":{"start":{"line":43,"column":13},"end":{"line":43,"column":59}},"9":{"start":{"line":47,"column":48},"end":{"line":47,"column":58}},"10":{"start":{"line":48,"column":4},"end":{"line":62,"column":6}}},"fnMap":{"0":{"name":"(anonymous_0)","decl":{"start":{"line":9,"column":2},"end":{"line":9,"column":3}},"loc":{"start":{"line":9,"column":21},"end":{"line":22,"column":3}},"line":9},"1":{"name":"(anonymous_1)","decl":{"start":{"line":25,"column":2},"end":{"line":25,"column":3}},"loc":{"start":{"line":25,"column":22},"end":{"line":27,"column":3}},"line":25},"2":{"name":"(anonymous_2)","decl":{"start":{"line":30,"column":2},"end":{"line":30,"column":3}},"loc":{"start":{"line":30,"column":15},"end":{"line":36,"column":3}},"line":30},"3":{"name":"(anonymous_3)","decl":{"start":{"line":32,"column":12},"end":{"line":32,"column":13}},"loc":{"start":{"line":32,"column":26},"end":{"line":34,"column":7}},"line":32},"4":{"name":"(anonymous_4)","decl":{"start":{"line":35,"column":13},"end":{"line":35,"column":14}},"loc":{"start":{"line":35,"column":19},"end":{"line":35,"column":21}},"line":35},"5":{"name":"(anonymous_5)","decl":{"start":{"line":39,"column":2},"end":{"line":39,"column":3}},"loc":{"start":{"line":39,"column":22},"end":{"line":44,"column":3}},"line":39},"6":{"name":"(anonymous_6)","decl":{"start":{"line":43,"column":7},"end":{"line":43,"column":8}},"loc":{"start":{"line":43,"column":13},"end":{"line":43,"column":59}},"line":43},"7":{"name":"(anonymous_7)","decl":{"start":{"line":46,"column":2},"end":{"line":46,"column":3}},"loc":{"start":{"line":46,"column":11},"end":{"line":63,"column":3}},"line":46}},"branchMap":{},"s":{"0":7,"1":7,"2":7,"3":7,"4":8,"5":9,"6":0,"7":1,"8":1,"9":14,"10":14},"f":{"0":7,"1":8,"2":9,"3":0,"4":0,"5":1,"6":1,"7":14},"b":{},"_coverageSchema":"1a1c01bbd47fc00a2c39e90264f33305004495a9","hash":"a6a1bbd02d0dec478978822777e10cc2ee127799"}
,"/Users/eric/Desktop/hrsf126-turntable/service/client/Gallery.jsx": {"path":"/Users/eric/Desktop/hrsf126-turntable/service/client/Gallery.jsx","statementMap":{"0":{"start":{"line":5,"column":16},"end":{"line":12,"column":1}},"1":{"start":{"line":14,"column":20},"end":{"line":19,"column":1}},"2":{"start":{"line":21,"column":21},"end":{"line":26,"column":1}},"3":{"start":{"line":28,"column":20},"end":{"line":32,"column":1}},"4":{"start":{"line":34,"column":16},"end":{"line":38,"column":1}},"5":{"start":{"line":40,"column":16},"end":{"line":132,"column":1}},"6":{"start":{"line":41,"column":2},"end":{"line":131,"column":12}},"7":{"start":{"line":134,"column":0},"end":{"line":147,"column":2}},"8":{"start":{"line":149,"column":0},"end":{"line":152,"column":2}}},"fnMap":{"0":{"name":"(anonymous_0)","decl":{"start":{"line":40,"column":16},"end":{"line":40,"column":17}},"loc":{"start":{"line":41,"column":2},"end":{"line":131,"column":12}},"line":41},"1":{"name":"(anonymous_1)","decl":{"start":{"line":151,"column":16},"end":{"line":151,"column":17}},"loc":{"start":{"line":151,"column":22},"end":{"line":151,"column":24}},"line":151}},"branchMap":{"0":{"loc":{"start":{"line":41,"column":2},"end":{"line":131,"column":12}},"type":"cond-expr","locations":[{"start":{"line":42,"column":4},"end":{"line":130,"column":10}},{"start":{"line":131,"column":7},"end":{"line":131,"column":11}}],"line":41}},"s":{"0":2,"1":2,"2":2,"3":2,"4":2,"5":2,"6":12,"7":2,"8":2},"f":{"0":12,"1":0},"b":{"0":[10,2]},"_coverageSchema":"1a1c01bbd47fc00a2c39e90264f33305004495a9","hash":"382221c89a05eb9752af1cb3d9b62387b6b1aa86"}
,"/Users/eric/Desktop/hrsf126-turntable/service/client/Viewer.jsx": {"path":"/Users/eric/Desktop/hrsf126-turntable/service/client/Viewer.jsx","statementMap":{"0":{"start":{"line":5,"column":19},"end":{"line":14,"column":1}},"1":{"start":{"line":16,"column":20},"end":{"line":26,"column":1}},"2":{"start":{"line":29,"column":16},"end":{"line":36,"column":1}},"3":{"start":{"line":39,"column":17},"end":{"line":44,"column":1}},"4":{"start":{"line":46,"column":14},"end":{"line":56,"column":1}},"5":{"start":{"line":58,"column":22},"end":{"line":64,"column":1}},"6":{"start":{"line":66,"column":14},"end":{"line":71,"column":1}},"7":{"start":{"line":74,"column":16},"end":{"line":79,"column":1}},"8":{"start":{"line":81,"column":15},"end":{"line":86,"column":1}},"9":{"start":{"line":88,"column":18},"end":{"line":94,"column":1}},"10":{"start":{"line":96,"column":13},"end":{"line":102,"column":1}},"11":{"start":{"line":104,"column":21},"end":{"line":125,"column":1}},"12":{"start":{"line":105,"column":15},"end":{"line":105,"column":49}},"13":{"start":{"line":106,"column":17},"end":{"line":119,"column":3}},"14":{"start":{"line":120,"column":14},"end":{"line":120,"column":21}},"15":{"start":{"line":121,"column":16},"end":{"line":121,"column":31}},"16":{"start":{"line":122,"column":15},"end":{"line":122,"column":22}},"17":{"start":{"line":124,"column":2},"end":{"line":124,"column":36}},"18":{"start":{"line":129,"column":4},"end":{"line":129,"column":17}},"19":{"start":{"line":130,"column":4},"end":{"line":134,"column":6}},"20":{"start":{"line":135,"column":4},"end":{"line":135,"column":55}},"21":{"start":{"line":139,"column":4},"end":{"line":139,"column":74}},"22":{"start":{"line":144,"column":4},"end":{"line":148,"column":7}},"23":{"start":{"line":153,"column":20},"end":{"line":153,"column":35}},"24":{"start":{"line":154,"column":4},"end":{"line":162,"column":5}},"25":{"start":{"line":155,"column":6},"end":{"line":155,"column":34}},"26":{"start":{"line":156,"column":11},"end":{"line":162,"column":5}},"27":{"start":{"line":157,"column":6},"end":{"line":157,"column":35}},"28":{"start":{"line":158,"column":11},"end":{"line":162,"column":5}},"29":{"start":{"line":159,"column":6},"end":{"line":159,"column":43}},"30":{"start":{"line":160,"column":11},"end":{"line":162,"column":5}},"31":{"start":{"line":161,"column":6},"end":{"line":161,"column":43}},"32":{"start":{"line":167,"column":36},"end":{"line":167,"column":46}},"33":{"start":{"line":168,"column":4},"end":{"line":172,"column":5}},"34":{"start":{"line":169,"column":6},"end":{"line":169,"column":56}},"35":{"start":{"line":170,"column":11},"end":{"line":172,"column":5}},"36":{"start":{"line":171,"column":6},"end":{"line":171,"column":56}},"37":{"start":{"line":177,"column":4},"end":{"line":185,"column":5}},"38":{"start":{"line":178,"column":6},"end":{"line":184,"column":7}},"39":{"start":{"line":179,"column":8},"end":{"line":179,"column":36}},"40":{"start":{"line":180,"column":13},"end":{"line":184,"column":7}},"41":{"start":{"line":181,"column":8},"end":{"line":181,"column":37}},"42":{"start":{"line":182,"column":13},"end":{"line":184,"column":7}},"43":{"start":{"line":183,"column":8},"end":{"line":183,"column":45}},"44":{"start":{"line":189,"column":48},"end":{"line":189,"column":58}},"45":{"start":{"line":190,"column":4},"end":{"line":267,"column":5}},"46":{"start":{"line":191,"column":6},"end":{"line":266,"column":8}},"47":{"start":{"line":268,"column":4},"end":{"line":268,"column":16}},"48":{"start":{"line":272,"column":0},"end":{"line":287,"column":2}},"49":{"start":{"line":289,"column":0},"end":{"line":294,"column":2}}},"fnMap":{"0":{"name":"(anonymous_0)","decl":{"start":{"line":104,"column":21},"end":{"line":104,"column":22}},"loc":{"start":{"line":104,"column":36},"end":{"line":125,"column":1}},"line":104},"1":{"name":"(anonymous_1)","decl":{"start":{"line":128,"column":2},"end":{"line":128,"column":3}},"loc":{"start":{"line":128,"column":21},"end":{"line":136,"column":3}},"line":128},"2":{"name":"(anonymous_2)","decl":{"start":{"line":138,"column":2},"end":{"line":138,"column":3}},"loc":{"start":{"line":138,"column":22},"end":{"line":140,"column":3}},"line":138},"3":{"name":"(anonymous_3)","decl":{"start":{"line":143,"column":2},"end":{"line":143,"column":3}},"loc":{"start":{"line":143,"column":24},"end":{"line":149,"column":3}},"line":143},"4":{"name":"(anonymous_4)","decl":{"start":{"line":152,"column":2},"end":{"line":152,"column":3}},"loc":{"start":{"line":152,"column":23},"end":{"line":163,"column":3}},"line":152},"5":{"name":"(anonymous_5)","decl":{"start":{"line":166,"column":2},"end":{"line":166,"column":3}},"loc":{"start":{"line":166,"column":25},"end":{"line":173,"column":3}},"line":166},"6":{"name":"(anonymous_6)","decl":{"start":{"line":176,"column":2},"end":{"line":176,"column":3}},"loc":{"start":{"line":176,"column":25},"end":{"line":186,"column":3}},"line":176},"7":{"name":"(anonymous_7)","decl":{"start":{"line":188,"column":2},"end":{"line":188,"column":3}},"loc":{"start":{"line":188,"column":11},"end":{"line":269,"column":3}},"line":188},"8":{"name":"(anonymous_8)","decl":{"start":{"line":293,"column":17},"end":{"line":293,"column":18}},"loc":{"start":{"line":293,"column":23},"end":{"line":293,"column":26}},"line":293}},"branchMap":{"0":{"loc":{"start":{"line":154,"column":4},"end":{"line":162,"column":5}},"type":"if","locations":[{"start":{"line":154,"column":4},"end":{"line":162,"column":5}},{"start":{"line":154,"column":4},"end":{"line":162,"column":5}}],"line":154},"1":{"loc":{"start":{"line":156,"column":11},"end":{"line":162,"column":5}},"type":"if","locations":[{"start":{"line":156,"column":11},"end":{"line":162,"column":5}},{"start":{"line":156,"column":11},"end":{"line":162,"column":5}}],"line":156},"2":{"loc":{"start":{"line":158,"column":11},"end":{"line":162,"column":5}},"type":"if","locations":[{"start":{"line":158,"column":11},"end":{"line":162,"column":5}},{"start":{"line":158,"column":11},"end":{"line":162,"column":5}}],"line":158},"3":{"loc":{"start":{"line":160,"column":11},"end":{"line":162,"column":5}},"type":"if","locations":[{"start":{"line":160,"column":11},"end":{"line":162,"column":5}},{"start":{"line":160,"column":11},"end":{"line":162,"column":5}}],"line":160},"4":{"loc":{"start":{"line":168,"column":4},"end":{"line":172,"column":5}},"type":"if","locations":[{"start":{"line":168,"column":4},"end":{"line":172,"column":5}},{"start":{"line":168,"column":4},"end":{"line":172,"column":5}}],"line":168},"5":{"loc":{"start":{"line":168,"column":8},"end":{"line":168,"column":45}},"type":"binary-expr","locations":[{"start":{"line":168,"column":8},"end":{"line":168,"column":25}},{"start":{"line":168,"column":29},"end":{"line":168,"column":45}}],"line":168},"6":{"loc":{"start":{"line":170,"column":11},"end":{"line":172,"column":5}},"type":"if","locations":[{"start":{"line":170,"column":11},"end":{"line":172,"column":5}},{"start":{"line":170,"column":11},"end":{"line":172,"column":5}}],"line":170},"7":{"loc":{"start":{"line":170,"column":15},"end":{"line":170,"column":73}},"type":"binary-expr","locations":[{"start":{"line":170,"column":15},"end":{"line":170,"column":33}},{"start":{"line":170,"column":37},"end":{"line":170,"column":73}}],"line":170},"8":{"loc":{"start":{"line":177,"column":4},"end":{"line":185,"column":5}},"type":"if","locations":[{"start":{"line":177,"column":4},"end":{"line":185,"column":5}},{"start":{"line":177,"column":4},"end":{"line":185,"column":5}}],"line":177},"9":{"loc":{"start":{"line":178,"column":6},"end":{"line":184,"column":7}},"type":"if","locations":[{"start":{"line":178,"column":6},"end":{"line":184,"column":7}},{"start":{"line":178,"column":6},"end":{"line":184,"column":7}}],"line":178},"10":{"loc":{"start":{"line":180,"column":13},"end":{"line":184,"column":7}},"type":"if","locations":[{"start":{"line":180,"column":13},"end":{"line":184,"column":7}},{"start":{"line":180,"column":13},"end":{"line":184,"column":7}}],"line":180},"11":{"loc":{"start":{"line":182,"column":13},"end":{"line":184,"column":7}},"type":"if","locations":[{"start":{"line":182,"column":13},"end":{"line":184,"column":7}},{"start":{"line":182,"column":13},"end":{"line":184,"column":7}}],"line":182},"12":{"loc":{"start":{"line":190,"column":4},"end":{"line":267,"column":5}},"type":"if","locations":[{"start":{"line":190,"column":4},"end":{"line":267,"column":5}},{"start":{"line":190,"column":4},"end":{"line":267,"column":5}}],"line":190},"13":{"loc":{"start":{"line":207,"column":15},"end":{"line":221,"column":15}},"type":"cond-expr","locations":[{"start":{"line":208,"column":16},"end":{"line":213,"column":18}},{"start":{"line":215,"column":16},"end":{"line":220,"column":18}}],"line":207},"14":{"loc":{"start":{"line":227,"column":15},"end":{"line":241,"column":15}},"type":"cond-expr","locations":[{"start":{"line":228,"column":16},"end":{"line":233,"column":18}},{"start":{"line":235,"column":16},"end":{"line":240,"column":18}}],"line":227}},"s":{"0":2,"1":2,"2":2,"3":2,"4":2,"5":2,"6":2,"7":2,"8":2,"9":2,"10":2,"11":2,"12":19,"13":19,"14":19,"15":19,"16":19,"17":19,"18":14,"19":14,"20":14,"21":14,"22":1,"23":4,"24":4,"25":1,"26":3,"27":1,"28":2,"29":1,"30":1,"31":1,"32":4,"33":4,"34":1,"35":3,"36":1,"37":4,"38":3,"39":1,"40":2,"41":1,"42":1,"43":1,"44":40,"45":40,"46":19,"47":21,"48":2,"49":2},"f":{"0":19,"1":14,"2":14,"3":1,"4":4,"5":4,"6":4,"7":40,"8":0},"b":{"0":[1,3],"1":[1,2],"2":[1,1],"3":[1,0],"4":[1,3],"5":[4,2],"6":[1,2],"7":[3,2],"8":[3,1],"9":[1,2],"10":[1,1],"11":[1,0],"12":[19,21],"13":[4,15],"14":[2,17]},"_coverageSchema":"1a1c01bbd47fc00a2c39e90264f33305004495a9","hash":"13bc60da7787aa79b5ca903a526da6e6b3bf11c4"}
}
