TN:
SF:client/App.jsx
FN:9,(anonymous_0)
FN:25,(anonymous_1)
FN:30,(anonymous_2)
FN:32,(anonymous_3)
FN:35,(anonymous_4)
FN:39,(anonymous_5)
FN:43,(anonymous_6)
FN:46,(anonymous_7)
FNF:8
FNH:6
FNDA:7,(anonymous_0)
FNDA:8,(anonymous_1)
FNDA:9,(anonymous_2)
FNDA:0,(anonymous_3)
FNDA:0,(anonymous_4)
FNDA:1,(anonymous_5)
FNDA:1,(anonymous_6)
FNDA:14,(anonymous_7)
DA:10,7
DA:11,7
DA:20,7
DA:21,7
DA:26,8
DA:31,9
DA:33,0
DA:40,1
DA:43,1
DA:47,14
LF:10
LH:9
BRF:0
BRH:0
end_of_record
TN:
SF:client/Gallery.jsx
FN:76,(anonymous_0)
FN:178,(anonymous_1)
FNF:2
FNH:1
FNDA:12,(anonymous_0)
FNDA:0,(anonymous_1)
DA:5,2
DA:18,2
DA:25,2
DA:32,2
DA:38,2
DA:51,2
DA:64,2
DA:76,2
DA:77,12
DA:161,2
DA:176,2
LF:11
LH:11
BRDA:77,0,0,10
BRDA:77,0,1,2
BRF:2
BRH:2
end_of_record
TN:
SF:client/Viewer.jsx
FN:5,(anonymous_0)
FN:15,(anonymous_1)
FN:20,(anonymous_2)
FN:29,(anonymous_3)
FN:44,(anonymous_4)
FN:54,(anonymous_5)
FN:66,(anonymous_6)
FN:179,(anonymous_7)
FNF:8
FNH:8
FNDA:14,(anonymous_0)
FNDA:14,(anonymous_1)
FNDA:1,(anonymous_2)
FNDA:4,(anonymous_3)
FNDA:4,(anonymous_4)
FNDA:4,(anonymous_5)
FNDA:40,(anonymous_6)
FNDA:19,(anonymous_7)
DA:6,14
DA:7,14
DA:12,14
DA:16,14
DA:21,1
DA:30,4
DA:31,4
DA:32,4
DA:33,1
DA:34,3
DA:35,1
DA:36,2
DA:37,1
DA:38,1
DA:39,1
DA:45,4
DA:46,4
DA:47,1
DA:48,3
DA:49,1
DA:55,4
DA:56,3
DA:57,1
DA:58,2
DA:59,1
DA:60,1
DA:61,1
DA:67,40
DA:69,40
DA:80,40
DA:93,40
DA:106,40
DA:112,40
DA:124,40
DA:132,40
DA:148,40
DA:155,40
DA:163,40
DA:170,40
DA:179,40
DA:180,19
DA:181,19
DA:195,19
DA:196,19
DA:197,19
DA:199,19
DA:202,40
DA:203,19
DA:295,21
LF:49
LH:49
BRDA:32,0,0,1
BRDA:32,0,1,3
BRDA:34,1,0,1
BRDA:34,1,1,2
BRDA:36,2,0,1
BRDA:36,2,1,1
BRDA:38,3,0,1
BRDA:38,3,1,0
BRDA:46,4,0,1
BRDA:46,4,1,3
BRDA:46,5,0,4
BRDA:46,5,1,2
BRDA:48,6,0,1
BRDA:48,6,1,2
BRDA:48,7,0,3
BRDA:48,7,1,2
BRDA:55,8,0,3
BRDA:55,8,1,1
BRDA:56,9,0,1
BRDA:56,9,1,2
BRDA:58,10,0,1
BRDA:58,10,1,1
BRDA:60,11,0,1
BRDA:60,11,1,0
BRDA:202,12,0,19
BRDA:202,12,1,21
BRDA:218,13,0,4
BRDA:218,13,1,15
BRDA:276,14,0,2
BRDA:276,14,1,17
BRF:30
BRH:28
end_of_record
