TN:
SF:client/App.jsx
FN:9,(anonymous_0)
FN:25,(anonymous_1)
FN:30,(anonymous_2)
FN:32,(anonymous_3)
FN:35,(anonymous_4)
FN:39,(anonymous_5)
FN:43,(anonymous_6)
FN:46,(anonymous_7)
FNF:8
FNH:6
FNDA:7,(anonymous_0)
FNDA:8,(anonymous_1)
FNDA:9,(anonymous_2)
FNDA:0,(anonymous_3)
FNDA:0,(anonymous_4)
FNDA:1,(anonymous_5)
FNDA:1,(anonymous_6)
FNDA:14,(anonymous_7)
DA:10,7
DA:11,7
DA:20,7
DA:21,7
DA:26,8
DA:31,9
DA:33,0
DA:40,1
DA:43,1
DA:47,14
LF:10
LH:9
BRF:0
BRH:0
end_of_record
TN:
SF:client/Gallery.jsx
FN:76,(anonymous_0)
FN:178,(anonymous_1)
FNF:2
FNH:1
FNDA:12,(anonymous_0)
FNDA:0,(anonymous_1)
DA:5,2
DA:18,2
DA:25,2
DA:32,2
DA:38,2
DA:51,2
DA:64,2
DA:76,2
DA:77,12
DA:161,2
DA:176,2
LF:11
LH:11
BRDA:77,0,0,10
BRDA:77,0,1,2
BRF:2
BRH:2
end_of_record
TN:
SF:client/Viewer.jsx
FN:5,(anonymous_0)
FN:16,(anonymous_1)
FN:21,(anonymous_2)
FN:30,(anonymous_3)
FN:49,(anonymous_4)
FN:59,(anonymous_5)
FN:71,(anonymous_6)
FN:202,(anonymous_7)
FNF:8
FNH:8
FNDA:14,(anonymous_0)
FNDA:14,(anonymous_1)
FNDA:1,(anonymous_2)
FNDA:4,(anonymous_3)
FNDA:4,(anonymous_4)
FNDA:4,(anonymous_5)
FNDA:40,(anonymous_6)
FNDA:19,(anonymous_7)
DA:6,14
DA:7,14
DA:13,14
DA:17,14
DA:22,1
DA:31,4
DA:32,4
DA:33,4
DA:34,1
DA:35,3
DA:36,1
DA:37,2
DA:38,1
DA:39,1
DA:40,1
DA:41,0
DA:42,0
DA:43,0
DA:44,0
DA:50,4
DA:51,4
DA:52,1
DA:53,3
DA:54,1
DA:60,4
DA:61,3
DA:62,1
DA:63,2
DA:64,1
DA:65,1
DA:66,1
DA:72,40
DA:74,40
DA:85,40
DA:98,40
DA:109,40
DA:116,40
DA:129,40
DA:135,40
DA:147,40
DA:155,40
DA:171,40
DA:178,40
DA:186,40
DA:193,40
DA:202,40
DA:203,19
DA:204,19
DA:218,19
DA:219,19
DA:220,19
DA:222,19
DA:225,40
DA:226,19
DA:328,21
LF:55
LH:51
BRDA:33,0,0,1
BRDA:33,0,1,3
BRDA:35,1,0,1
BRDA:35,1,1,2
BRDA:37,2,0,1
BRDA:37,2,1,1
BRDA:39,3,0,1
BRDA:39,3,1,0
BRDA:41,4,0,0
BRDA:41,4,1,0
BRDA:43,5,0,0
BRDA:43,5,1,0
BRDA:51,6,0,1
BRDA:51,6,1,3
BRDA:51,7,0,4
BRDA:51,7,1,2
BRDA:53,8,0,1
BRDA:53,8,1,2
BRDA:53,9,0,3
BRDA:53,9,1,2
BRDA:60,10,0,3
BRDA:60,10,1,1
BRDA:61,11,0,1
BRDA:61,11,1,2
BRDA:63,12,0,1
BRDA:63,12,1,1
BRDA:65,13,0,1
BRDA:65,13,1,0
BRDA:225,14,0,19
BRDA:225,14,1,21
BRDA:240,15,0,0
BRDA:240,15,1,19
BRDA:250,16,0,4
BRDA:250,16,1,15
BRDA:309,17,0,2
BRDA:309,17,1,17
BRF:36
BRH:29
end_of_record
